<?xml version="1.0" encoding="UTF-8"?>
<!-- Generated by org.testng.reporters.JUnitReportReporter -->
<testsuite hostname="PC" failures="0" tests="1" name="tests.LoginTest" time="7.836" errors="0" timestamp="2025-02-05T23:32:58 PKT" skipped="0">
  <testcase classname="tests.LoginTest" name="testLogin" time="7.836"/>
</testsuite> <!-- tests.LoginTest -->
