<?xml version="1.0" encoding="UTF-8"?>
<!-- Generated by org.testng.reporters.JUnitReportReporter -->
<testsuite hostname="PC" failures="0" tests="1" name="tests.LoginTest" time="10.833" errors="0" timestamp="2025-02-07T00:23:03 PKT" skipped="0">
  <testcase classname="tests.LoginTest" name="loginTest" time="10.833"/>
</testsuite> <!-- tests.LoginTest -->
